<?xml version="1.0" encoding="UTF-8"?>
<!-- Generated by org.testng.reporters.JUnitReportReporter -->
<testsuite hostname="payal" name="RestAssured.RestAssured.PostMethod" tests="1" failures="0" timestamp="21 Sep 2019 16:22:19 GMT" time="4.118" errors="0">
  <testcase name="post" time="4.118" classname="RestAssured.RestAssured.PostMethod"/>
</testsuite> <!-- RestAssured.RestAssured.PostMethod -->
